::1 - - [12/May/2026 22:42:37] "GET /graphic.html HTTP/1.1" 200 -
::1 - - [12/May/2026 22:42:46] "GET /index.html HTTP/1.1" 200 -
::1 - - [12/May/2026 22:42:46] "GET /graphic.html HTTP/1.1" 200 -
::1 - - [12/May/2026 22:42:46] "GET /image/graphic1.png HTTP/1.1" 200 -
::1 - - [12/May/2026 22:42:46] "GET /image/graphic2.png HTTP/1.1" 200 -
::1 - - [12/May/2026 22:42:46] "GET /image/graphic3.png HTTP/1.1" 200 -
::1 - - [12/May/2026 22:42:46] "GET /image/graphic4.png HTTP/1.1" 200 -
::1 - - [12/May/2026 22:42:46] "GET /image/graphic5.png HTTP/1.1" 200 -
::1 - - [12/May/2026 22:42:46] "GET /image/graphic6.png HTTP/1.1" 200 -
::1 - - [12/May/2026 22:42:46] "GET /image/graphic7.png HTTP/1.1" 200 -
::1 - - [12/May/2026 22:42:53] "GET /graphic.html HTTP/1.1" 200 -
::1 - - [12/May/2026 22:42:53] "GET /image/graphic1.png HTTP/1.1" 200 -
::1 - - [12/May/2026 22:42:53] "GET /image/graphic2.png HTTP/1.1" 200 -
::1 - - [12/May/2026 22:42:53] "GET /image/graphic3.png HTTP/1.1" 200 -
::1 - - [12/May/2026 22:42:53] "GET /image/graphic4.png HTTP/1.1" 200 -
::1 - - [12/May/2026 22:42:53] "GET /image/graphic5.png HTTP/1.1" 200 -
::1 - - [12/May/2026 22:42:53] "GET /image/graphic7.png HTTP/1.1" 200 -
::1 - - [12/May/2026 22:42:53] "GET /image/graphic6.png HTTP/1.1" 200 -
::1 - - [12/May/2026 22:43:16] "GET /index.html HTTP/1.1" 200 -
::1 - - [12/May/2026 22:43:17] code 404, message File not found
::1 - - [12/May/2026 22:43:17] "GET /profile.png HTTP/1.1" 404 -
::1 - - [12/May/2026 22:48:29] "GET /graphic.html HTTP/1.1" 200 -
::1 - - [12/May/2026 22:48:29] "GET /image/graphic1-transparent.png HTTP/1.1" 200 -
::1 - - [12/May/2026 22:48:29] "GET /image/graphic2-transparent.png HTTP/1.1" 200 -
::1 - - [12/May/2026 22:48:29] "GET /image/graphic3-transparent.png HTTP/1.1" 200 -
::1 - - [12/May/2026 22:48:29] "GET /image/graphic4-transparent.png HTTP/1.1" 200 -
::1 - - [12/May/2026 22:48:29] "GET /image/graphic5-transparent.png HTTP/1.1" 200 -
::1 - - [12/May/2026 22:48:29] "GET /image/graphic6-transparent.png HTTP/1.1" 200 -
::1 - - [12/May/2026 22:48:29] "GET /image/graphic7-transparent.png HTTP/1.1" 200 -
::1 - - [12/May/2026 22:48:56] "GET /graphic.html HTTP/1.1" 200 -
::1 - - [12/May/2026 22:48:56] "GET /image/graphic1-transparent.png HTTP/1.1" 200 -
::1 - - [12/May/2026 22:48:56] "GET /image/graphic2-transparent.png HTTP/1.1" 200 -
::1 - - [12/May/2026 22:48:57] "GET /image/graphic3-transparent.png HTTP/1.1" 200 -
::1 - - [12/May/2026 22:48:57] "GET /image/graphic4-transparent.png HTTP/1.1" 200 -
::1 - - [12/May/2026 22:48:57] "GET /image/graphic5-transparent.png HTTP/1.1" 200 -
::1 - - [12/May/2026 22:48:57] "GET /image/graphic6-transparent.png HTTP/1.1" 200 -
::1 - - [12/May/2026 22:48:57] "GET /image/graphic7-transparent.png HTTP/1.1" 200 -
::1 - - [12/May/2026 22:58:19] "GET /index.html HTTP/1.1" 200 -
::1 - - [12/May/2026 22:58:19] "GET /graphic.html HTTP/1.1" 200 -
::1 - - [12/May/2026 23:01:06] "GET /index.html HTTP/1.1" 200 -
::1 - - [12/May/2026 23:03:04] "GET /graphic.html HTTP/1.1" 200 -
::1 - - [12/May/2026 23:21:04] "GET /index.html HTTP/1.1" 200 -
::1 - - [12/May/2026 23:21:04] "GET /uxui.html HTTP/1.1" 200 -
::1 - - [12/May/2026 23:21:04] "GET /image/uxui1.png HTTP/1.1" 200 -
::1 - - [12/May/2026 23:21:05] "GET /image/uxui2.png HTTP/1.1" 200 -
::1 - - [12/May/2026 23:21:05] "GET /image/uxui3.png HTTP/1.1" 200 -
::1 - - [12/May/2026 23:21:22] "GET /uxui.html HTTP/1.1" 200 -
::1 - - [12/May/2026 23:21:22] "GET /image/uxui1.png HTTP/1.1" 200 -
::1 - - [12/May/2026 23:21:22] "GET /image/uxui2.png HTTP/1.1" 200 -
::1 - - [12/May/2026 23:21:22] "GET /image/uxui3.png HTTP/1.1" 200 -
::1 - - [12/May/2026 23:36:08] "GET /index.html HTTP/1.1" 200 -
::1 - - [12/May/2026 23:36:08] "GET /graphic.html HTTP/1.1" 200 -
::1 - - [12/May/2026 23:56:21] "GET /graphic.html HTTP/1.1" 200 -
::1 - - [13/May/2026 00:02:32] "GET /index.html HTTP/1.1" 200 -
::1 - - [13/May/2026 00:07:51] "GET /index.html HTTP/1.1" 200 -
::1 - - [13/May/2026 00:12:29] "GET /index.html HTTP/1.1" 200 -
::1 - - [13/May/2026 00:16:39] "GET /index.html HTTP/1.1" 200 -
::1 - - [13/May/2026 00:16:42] "GET / HTTP/1.1" 200 -
::1 - - [13/May/2026 00:16:42] "GET /graphic.html HTTP/1.1" 200 -
::1 - - [13/May/2026 00:21:06] "GET /index.html HTTP/1.1" 200 -
::1 - - [13/May/2026 00:21:06] "GET /graphic.html HTTP/1.1" 200 -
::1 - - [13/May/2026 00:21:06] "GET /uxui.html HTTP/1.1" 200 -
